<?xml version="1.0" encoding="UTF-8"?>
<!-- Generated by org.testng.reporters.JUnitReportReporter -->
<testsuite hostname="DESKTOP-703RS57" failures="0" tests="1" name="com.crm.rmgyantra.CRUDOperation.GettingProjectTest" time="2.098" errors="0" timestamp="20 Jul 2022 06:37:17 GMT" skipped="0">
  <testcase classname="com.crm.rmgyantra.CRUDOperation.GettingProjectTest" name="getProjectTest" time="2.098"/>
</testsuite> <!-- com.crm.rmgyantra.CRUDOperation.GettingProjectTest -->
