<?xml version="1.0" encoding="UTF-8"?>
<!-- Generated by org.testng.reporters.JUnitReportReporter -->
<testsuite hostname="DESKTOP-703RS57" failures="0" tests="1" name="com.crm.rmgyantra.WaytoPostaRequest.CreatingProjectUsingJsonFile" time="1.894" errors="0" timestamp="21 Jul 2022 10:20:29 GMT" skipped="0">
  <testcase classname="com.crm.rmgyantra.WaytoPostaRequest.CreatingProjectUsingJsonFile" name="createProject" time="1.894"/>
</testsuite> <!-- com.crm.rmgyantra.WaytoPostaRequest.CreatingProjectUsingJsonFile -->
