<?xml version="1.0" encoding="UTF-8"?>
<!-- Generated by org.testng.reporters.JUnitReportReporter -->
<testsuite hostname="DESKTOP-703RS57" failures="0" tests="1" name="com.crm.rmgyantra.CRUDOperation.GettingProjectTest_BDD" time="2.005" errors="0" timestamp="20 Jul 2022 07:25:54 GMT" skipped="0">
  <testcase classname="com.crm.rmgyantra.CRUDOperation.GettingProjectTest_BDD" name="gettingProject" time="2.005"/>
</testsuite> <!-- com.crm.rmgyantra.CRUDOperation.GettingProjectTest_BDD -->
