<?xml version="1.0" encoding="UTF-8"?>
<!-- Generated by org.testng.reporters.JUnitReportReporter -->
<testsuite hostname="DESKTOP-703RS57" failures="0" tests="1" name="com.crm.rmgyantra.WaytoPostaRequest.CreateProjectusingHashmap" time="2.232" errors="0" timestamp="21 Jul 2022 10:16:08 GMT" skipped="0">
  <testcase classname="com.crm.rmgyantra.WaytoPostaRequest.CreateProjectusingHashmap" name="createProject" time="2.232"/>
</testsuite> <!-- com.crm.rmgyantra.WaytoPostaRequest.CreateProjectusingHashmap -->
