<?xml version="1.0" encoding="UTF-8"?>
<!-- Generated by org.testng.reporters.JUnitReportReporter -->
<testsuite hostname="DESKTOP-703RS57" failures="0" tests="1" name="com.crm.rmgyantra.CRUDOperation.DeleteProjectTest_BDD" time="2.031" errors="0" timestamp="20 Jul 2022 07:30:27 GMT" skipped="0">
  <testcase classname="com.crm.rmgyantra.CRUDOperation.DeleteProjectTest_BDD" name="deleteProject" time="2.031"/>
</testsuite> <!-- com.crm.rmgyantra.CRUDOperation.DeleteProjectTest_BDD -->
