<?xml version="1.0" encoding="UTF-8"?>
<!-- Generated by org.testng.reporters.JUnitReportReporter -->
<testsuite hostname="DESKTOP-703RS57" failures="0" tests="1" name="com.crm.rmgyantra.WaytoPostaRequest.CreatingProjectUsingPOJOclass" time="2.561" errors="0" timestamp="21 Jul 2022 10:53:27 GMT" skipped="0">
  <testcase classname="com.crm.rmgyantra.WaytoPostaRequest.CreatingProjectUsingPOJOclass" name="creatProject" time="2.561"/>
</testsuite> <!-- com.crm.rmgyantra.WaytoPostaRequest.CreatingProjectUsingPOJOclass -->
