<?xml version="1.0" encoding="UTF-8"?>
<!-- Generated by org.testng.reporters.JUnitReportReporter -->
<testsuite hostname="DESKTOP-703RS57" failures="0" tests="1" name="com.crm.rmgyantra.Validation.HamcrestMatchersTest" time="3.284" errors="0" timestamp="21 Jul 2022 12:36:41 GMT" skipped="0">
  <testcase classname="com.crm.rmgyantra.Validation.HamcrestMatchersTest" name="hamcret" time="3.284"/>
</testsuite> <!-- com.crm.rmgyantra.Validation.HamcrestMatchersTest -->
